<?xml version="1.0" encoding="UTF-8"?>
<testng-results ignored="0" total="1" passed="1" failed="0" skipped="0">
  <reporter-output>
  </reporter-output>
  <suite started-at="2022-12-10T17:20:18 PST" name="Default suite" finished-at="2022-12-10T17:20:26 PST" duration-ms="8496">
    <groups>
    </groups>
    <test started-at="2022-12-10T17:20:18 PST" name="Default test" finished-at="2022-12-10T17:20:26 PST" duration-ms="8496">
      <class name="com.extentreports.ScreenShot">
        <test-method signature="screenShot()[pri:0, instance:com.extentreports.ScreenShot@6adbc9d]" started-at="2022-12-10T17:20:18 PST" name="screenShot" finished-at="2022-12-10T17:20:26 PST" duration-ms="8455" status="PASS">
          <reporter-output>
          </reporter-output>
        </test-method> <!-- screenShot -->
      </class> <!-- com.extentreports.ScreenShot -->
    </test> <!-- Default test -->
  </suite> <!-- Default suite -->
</testng-results>
